{
"/Users/carsonwright/Projects/opus-one/next-in-line/answer/answer.js":{"path":"/Users/carsonwright/Projects/opus-one/next-in-line/answer/answer.js","s":{"1":1,"2":1,"3":1,"4":1,"5":1,"6":0,"7":0,"8":0,"9":0,"10":1},"b":{},"f":{"1":0,"2":0,"3":0,"4":0},"fnMap":{"1":{"name":"(anonymous_1)","line":9,"loc":{"start":{"line":9,"column":9},"end":{"line":9,"column":11}}},"2":{"name":"(anonymous_2)","line":13,"loc":{"start":{"line":13,"column":8},"end":{"line":13,"column":10}}},"3":{"name":"(anonymous_3)","line":17,"loc":{"start":{"line":17,"column":6},"end":{"line":17,"column":8}}},"4":{"name":"(anonymous_4)","line":21,"loc":{"start":{"line":21,"column":13},"end":{"line":21,"column":15}}}},"statementMap":{"1":{"start":{"line":1,"column":0},"end":{"line":1,"column":46}},"2":{"start":{"line":2,"column":0},"end":{"line":2,"column":50}},"3":{"start":{"line":3,"column":0},"end":{"line":3,"column":37}},"4":{"start":{"line":4,"column":0},"end":{"line":4,"column":40}},"5":{"start":{"line":5,"column":0},"end":{"line":5,"column":42}},"6":{"start":{"line":10,"column":4},"end":{"line":10,"column":18}},"7":{"start":{"line":14,"column":4},"end":{"line":14,"column":17}},"8":{"start":{"line":18,"column":4},"end":{"line":18,"column":15}},"9":{"start":{"line":22,"column":4},"end":{"line":22,"column":22}},"10":{"start":{"line":26,"column":0},"end":{"line":26,"column":24}}},"branchMap":{},"l":{"1":1,"2":1,"3":1,"4":1,"5":1,"10":0,"14":0,"18":0,"22":0,"26":1}},
"/Users/carsonwright/Projects/opus-one/next-in-line/answer/answer/api_server.js":{"path":"/Users/carsonwright/Projects/opus-one/next-in-line/answer/answer/api_server.js","s":{"1":1,"2":1,"3":1,"4":1,"5":1,"6":1,"7":1,"8":0,"9":0,"10":0,"11":0,"12":0,"13":0,"14":0,"15":0,"16":0,"17":0,"18":0,"19":0,"20":0,"21":0,"22":0,"23":0,"24":0,"25":0,"26":0,"27":0,"28":0,"29":0,"30":0,"31":0,"32":0,"33":0,"34":0,"35":0,"36":0,"37":0,"38":0,"39":0,"40":0,"41":0,"42":0,"43":0,"44":0,"45":0,"46":0,"47":0,"48":0,"49":0,"50":0,"51":0,"52":0,"53":0,"54":0,"55":0,"56":0,"57":0,"58":0,"59":0,"60":0,"61":0,"62":0,"63":0,"64":0,"65":0,"66":0,"67":0,"68":0,"69":0,"70":0,"71":0,"72":0,"73":0,"74":0,"75":0,"76":0,"77":0,"78":0,"79":0,"80":0,"81":0,"82":0,"83":0,"84":0,"85":0,"86":0,"87":0,"88":0,"89":0,"90":0,"91":0,"92":0,"93":0,"94":0,"95":0,"96":0,"97":0,"98":0,"99":0,"100":0,"101":0,"102":0,"103":0,"104":0,"105":0,"106":0,"107":0,"108":0,"109":0,"110":1},"b":{"1":[0,0],"2":[0,0],"3":[0,0],"4":[0,0],"5":[0,0,0],"6":[0,0],"7":[0,0],"8":[0,0],"9":[0,0],"10":[0,0,0],"11":[0,0]},"f":{"1":0,"2":0,"3":0,"4":0,"5":0,"6":0,"7":0,"8":0,"9":0,"10":0,"11":0},"fnMap":{"1":{"name":"(anonymous_1)","line":11,"loc":{"start":{"line":11,"column":22},"end":{"line":11,"column":29}}},"2":{"name":"(anonymous_2)","line":15,"loc":{"start":{"line":15,"column":13},"end":{"line":15,"column":35}}},"3":{"name":"(anonymous_3)","line":22,"loc":{"start":{"line":22,"column":28},"end":{"line":22,"column":41}}},"4":{"name":"(anonymous_4)","line":34,"loc":{"start":{"line":34,"column":36},"end":{"line":34,"column":49}}},"5":{"name":"(anonymous_5)","line":41,"loc":{"start":{"line":41,"column":17},"end":{"line":41,"column":41}}},"6":{"name":"(anonymous_6)","line":85,"loc":{"start":{"line":85,"column":10},"end":{"line":85,"column":13}}},"7":{"name":"(anonymous_7)","line":101,"loc":{"start":{"line":101,"column":13},"end":{"line":101,"column":16}}},"8":{"name":"(anonymous_8)","line":116,"loc":{"start":{"line":116,"column":7},"end":{"line":116,"column":10}}},"9":{"name":"(anonymous_9)","line":129,"loc":{"start":{"line":129,"column":7},"end":{"line":129,"column":10}}},"10":{"name":"(anonymous_10)","line":156,"loc":{"start":{"line":156,"column":85},"end":{"line":156,"column":103}}},"11":{"name":"(anonymous_11)","line":169,"loc":{"start":{"line":169,"column":19},"end":{"line":169,"column":31}}}},"statementMap":{"1":{"start":{"line":1,"column":0},"end":{"line":1,"column":33}},"2":{"start":{"line":2,"column":0},"end":{"line":2,"column":23}},"3":{"start":{"line":3,"column":0},"end":{"line":3,"column":40}},"4":{"start":{"line":4,"column":0},"end":{"line":4,"column":38}},"5":{"start":{"line":5,"column":0},"end":{"line":5,"column":38}},"6":{"start":{"line":6,"column":0},"end":{"line":6,"column":27}},"7":{"start":{"line":8,"column":0},"end":{"line":8,"column":39}},"8":{"start":{"line":12,"column":4},"end":{"line":12,"column":30}},"9":{"start":{"line":13,"column":4},"end":{"line":13,"column":41}},"10":{"start":{"line":16,"column":4},"end":{"line":18,"column":5}},"11":{"start":{"line":17,"column":6},"end":{"line":17,"column":45}},"12":{"start":{"line":19,"column":4},"end":{"line":19,"column":33}},"13":{"start":{"line":21,"column":4},"end":{"line":21,"column":38}},"14":{"start":{"line":22,"column":4},"end":{"line":22,"column":45}},"15":{"start":{"line":23,"column":4},"end":{"line":23,"column":38}},"16":{"start":{"line":24,"column":4},"end":{"line":24,"column":31}},"17":{"start":{"line":25,"column":4},"end":{"line":25,"column":25}},"18":{"start":{"line":27,"column":4},"end":{"line":27,"column":45}},"19":{"start":{"line":28,"column":4},"end":{"line":28,"column":20}},"20":{"start":{"line":29,"column":4},"end":{"line":29,"column":23}},"21":{"start":{"line":31,"column":4},"end":{"line":31,"column":21}},"22":{"start":{"line":34,"column":4},"end":{"line":34,"column":53}},"23":{"start":{"line":35,"column":4},"end":{"line":35,"column":33}},"24":{"start":{"line":37,"column":4},"end":{"line":37,"column":22}},"25":{"start":{"line":39,"column":4},"end":{"line":39,"column":64}},"26":{"start":{"line":41,"column":4},"end":{"line":82,"column":7}},"27":{"start":{"line":42,"column":6},"end":{"line":42,"column":56}},"28":{"start":{"line":43,"column":6},"end":{"line":43,"column":38}},"29":{"start":{"line":45,"column":6},"end":{"line":81,"column":7}},"30":{"start":{"line":46,"column":8},"end":{"line":46,"column":22}},"31":{"start":{"line":48,"column":8},"end":{"line":48,"column":68}},"32":{"start":{"line":48,"column":38},"end":{"line":48,"column":65}},"33":{"start":{"line":49,"column":8},"end":{"line":59,"column":10}},"34":{"start":{"line":50,"column":10},"end":{"line":58,"column":11}},"35":{"start":{"line":51,"column":12},"end":{"line":51,"column":41}},"36":{"start":{"line":52,"column":12},"end":{"line":52,"column":55}},"37":{"start":{"line":53,"column":12},"end":{"line":53,"column":53}},"38":{"start":{"line":55,"column":12},"end":{"line":55,"column":26}},"39":{"start":{"line":57,"column":12},"end":{"line":57,"column":37}},"40":{"start":{"line":61,"column":8},"end":{"line":61,"column":45}},"41":{"start":{"line":62,"column":8},"end":{"line":62,"column":47}},"42":{"start":{"line":64,"column":8},"end":{"line":80,"column":9}},"43":{"start":{"line":65,"column":10},"end":{"line":65,"column":113}},"44":{"start":{"line":65,"column":84},"end":{"line":65,"column":109}},"45":{"start":{"line":67,"column":10},"end":{"line":67,"column":76}},"46":{"start":{"line":69,"column":10},"end":{"line":69,"column":36}},"47":{"start":{"line":71,"column":10},"end":{"line":79,"column":11}},"48":{"start":{"line":72,"column":12},"end":{"line":76,"column":13}},"49":{"start":{"line":73,"column":14},"end":{"line":73,"column":56}},"50":{"start":{"line":75,"column":14},"end":{"line":75,"column":139}},"51":{"start":{"line":75,"column":110},"end":{"line":75,"column":135}},"52":{"start":{"line":78,"column":12},"end":{"line":78,"column":37}},"53":{"start":{"line":86,"column":4},"end":{"line":86,"column":18}},"54":{"start":{"line":87,"column":4},"end":{"line":87,"column":22}},"55":{"start":{"line":88,"column":4},"end":{"line":88,"column":70}},"56":{"start":{"line":90,"column":4},"end":{"line":90,"column":43}},"57":{"start":{"line":91,"column":4},"end":{"line":96,"column":6}},"58":{"start":{"line":92,"column":7},"end":{"line":95,"column":39}},"59":{"start":{"line":98,"column":4},"end":{"line":98,"column":43}},"60":{"start":{"line":102,"column":4},"end":{"line":102,"column":22}},"61":{"start":{"line":103,"column":4},"end":{"line":103,"column":40}},"62":{"start":{"line":104,"column":4},"end":{"line":111,"column":7}},"63":{"start":{"line":105,"column":6},"end":{"line":105,"column":46}},"64":{"start":{"line":106,"column":6},"end":{"line":108,"column":7}},"65":{"start":{"line":107,"column":8},"end":{"line":107,"column":15}},"66":{"start":{"line":109,"column":6},"end":{"line":109,"column":56}},"67":{"start":{"line":110,"column":6},"end":{"line":110,"column":53}},"68":{"start":{"line":113,"column":4},"end":{"line":113,"column":43}},"69":{"start":{"line":117,"column":4},"end":{"line":117,"column":26}},"70":{"start":{"line":118,"column":4},"end":{"line":118,"column":29}},"71":{"start":{"line":119,"column":4},"end":{"line":119,"column":48}},"72":{"start":{"line":120,"column":4},"end":{"line":124,"column":5}},"73":{"start":{"line":121,"column":6},"end":{"line":121,"column":30}},"74":{"start":{"line":122,"column":6},"end":{"line":122,"column":44}},"75":{"start":{"line":123,"column":6},"end":{"line":123,"column":62}},"76":{"start":{"line":126,"column":4},"end":{"line":126,"column":32}},"77":{"start":{"line":130,"column":4},"end":{"line":164,"column":7}},"78":{"start":{"line":131,"column":6},"end":{"line":131,"column":24}},"79":{"start":{"line":132,"column":6},"end":{"line":132,"column":43}},"80":{"start":{"line":133,"column":6},"end":{"line":133,"column":44}},"81":{"start":{"line":135,"column":6},"end":{"line":135,"column":33}},"82":{"start":{"line":136,"column":6},"end":{"line":142,"column":7}},"83":{"start":{"line":137,"column":8},"end":{"line":137,"column":28}},"84":{"start":{"line":138,"column":8},"end":{"line":138,"column":48}},"85":{"start":{"line":139,"column":8},"end":{"line":139,"column":58}},"86":{"start":{"line":140,"column":8},"end":{"line":140,"column":64}},"87":{"start":{"line":141,"column":8},"end":{"line":141,"column":49}},"88":{"start":{"line":144,"column":6},"end":{"line":154,"column":7}},"89":{"start":{"line":145,"column":8},"end":{"line":145,"column":28}},"90":{"start":{"line":146,"column":8},"end":{"line":146,"column":24}},"91":{"start":{"line":147,"column":8},"end":{"line":147,"column":37}},"92":{"start":{"line":148,"column":8},"end":{"line":148,"column":40}},"93":{"start":{"line":149,"column":8},"end":{"line":151,"column":9}},"94":{"start":{"line":150,"column":10},"end":{"line":150,"column":29}},"95":{"start":{"line":152,"column":8},"end":{"line":152,"column":50}},"96":{"start":{"line":153,"column":8},"end":{"line":153,"column":50}},"97":{"start":{"line":156,"column":6},"end":{"line":163,"column":9}},"98":{"start":{"line":157,"column":8},"end":{"line":157,"column":42}},"99":{"start":{"line":158,"column":8},"end":{"line":158,"column":38}},"100":{"start":{"line":160,"column":8},"end":{"line":160,"column":65}},"101":{"start":{"line":161,"column":8},"end":{"line":161,"column":38}},"102":{"start":{"line":162,"column":8},"end":{"line":162,"column":18}},"103":{"start":{"line":166,"column":4},"end":{"line":166,"column":24}},"104":{"start":{"line":170,"column":4},"end":{"line":170,"column":38}},"105":{"start":{"line":171,"column":4},"end":{"line":171,"column":25}},"106":{"start":{"line":172,"column":4},"end":{"line":175,"column":5}},"107":{"start":{"line":173,"column":6},"end":{"line":173,"column":30}},"108":{"start":{"line":174,"column":6},"end":{"line":174,"column":22}},"109":{"start":{"line":177,"column":4},"end":{"line":177,"column":45}},"110":{"start":{"line":181,"column":0},"end":{"line":181,"column":27}}},"branchMap":{"1":{"line":45,"type":"if","locations":[{"start":{"line":45,"column":6},"end":{"line":45,"column":6}},{"start":{"line":45,"column":6},"end":{"line":45,"column":6}}]},"2":{"line":50,"type":"if","locations":[{"start":{"line":50,"column":10},"end":{"line":50,"column":10}},{"start":{"line":50,"column":10},"end":{"line":50,"column":10}}]},"3":{"line":64,"type":"if","locations":[{"start":{"line":64,"column":8},"end":{"line":64,"column":8}},{"start":{"line":64,"column":8},"end":{"line":64,"column":8}}]},"4":{"line":71,"type":"if","locations":[{"start":{"line":71,"column":10},"end":{"line":71,"column":10}},{"start":{"line":71,"column":10},"end":{"line":71,"column":10}}]},"5":{"line":71,"type":"binary-expr","locations":[{"start":{"line":71,"column":14},"end":{"line":71,"column":18}},{"start":{"line":71,"column":22},"end":{"line":71,"column":31}},{"start":{"line":71,"column":35},"end":{"line":71,"column":44}}]},"6":{"line":72,"type":"if","locations":[{"start":{"line":72,"column":12},"end":{"line":72,"column":12}},{"start":{"line":72,"column":12},"end":{"line":72,"column":12}}]},"7":{"line":72,"type":"binary-expr","locations":[{"start":{"line":72,"column":16},"end":{"line":72,"column":51}},{"start":{"line":72,"column":55},"end":{"line":72,"column":95}}]},"8":{"line":106,"type":"if","locations":[{"start":{"line":106,"column":6},"end":{"line":106,"column":6}},{"start":{"line":106,"column":6},"end":{"line":106,"column":6}}]},"9":{"line":149,"type":"if","locations":[{"start":{"line":149,"column":8},"end":{"line":149,"column":8}},{"start":{"line":149,"column":8},"end":{"line":149,"column":8}}]},"10":{"line":156,"type":"binary-expr","locations":[{"start":{"line":156,"column":38},"end":{"line":156,"column":49}},{"start":{"line":156,"column":53},"end":{"line":156,"column":75}},{"start":{"line":156,"column":79},"end":{"line":156,"column":83}}]},"11":{"line":172,"type":"if","locations":[{"start":{"line":172,"column":4},"end":{"line":172,"column":4}},{"start":{"line":172,"column":4},"end":{"line":172,"column":4}}]}},"l":{"1":1,"2":1,"3":1,"4":1,"5":1,"6":1,"8":1,"12":0,"13":0,"16":0,"17":0,"19":0,"21":0,"22":0,"23":0,"24":0,"25":0,"27":0,"28":0,"29":0,"31":0,"34":0,"35":0,"37":0,"39":0,"41":0,"42":0,"43":0,"45":0,"46":0,"48":0,"49":0,"50":0,"51":0,"52":0,"53":0,"55":0,"57":0,"61":0,"62":0,"64":0,"65":0,"67":0,"69":0,"71":0,"72":0,"73":0,"75":0,"78":0,"86":0,"87":0,"88":0,"90":0,"91":0,"92":0,"98":0,"102":0,"103":0,"104":0,"105":0,"106":0,"107":0,"109":0,"110":0,"113":0,"117":0,"118":0,"119":0,"120":0,"121":0,"122":0,"123":0,"126":0,"130":0,"131":0,"132":0,"133":0,"135":0,"136":0,"137":0,"138":0,"139":0,"140":0,"141":0,"144":0,"145":0,"146":0,"147":0,"148":0,"149":0,"150":0,"152":0,"153":0,"156":0,"157":0,"158":0,"160":0,"161":0,"162":0,"166":0,"170":0,"171":0,"172":0,"173":0,"174":0,"177":0,"181":1}},
"/Users/carsonwright/Projects/opus-one/next-in-line/answer/answer/controller.js":{"path":"/Users/carsonwright/Projects/opus-one/next-in-line/answer/answer/controller.js","s":{"1":0,"2":0,"3":0,"4":0,"5":0,"6":0,"7":0,"8":0,"9":0,"10":0,"11":0,"12":0,"13":0,"14":0,"15":0,"16":0,"17":0,"18":0,"19":0,"20":0,"21":0,"22":0,"23":0,"24":0,"25":0,"26":1},"b":{"1":[0,0]},"f":{"1":0,"2":0,"3":0,"4":0,"5":0,"6":0,"7":0,"8":0},"fnMap":{"1":{"name":"(anonymous_1)","line":2,"loc":{"start":{"line":2,"column":14},"end":{"line":2,"column":31}}},"2":{"name":"(anonymous_2)","line":18,"loc":{"start":{"line":18,"column":9},"end":{"line":18,"column":20}}},"3":{"name":"(anonymous_3)","line":23,"loc":{"start":{"line":23,"column":6},"end":{"line":23,"column":17}}},"4":{"name":"(anonymous_4)","line":28,"loc":{"start":{"line":28,"column":8},"end":{"line":28,"column":19}}},"5":{"name":"(anonymous_5)","line":33,"loc":{"start":{"line":33,"column":9},"end":{"line":33,"column":20}}},"6":{"name":"(anonymous_6)","line":38,"loc":{"start":{"line":38,"column":9},"end":{"line":38,"column":20}}},"7":{"name":"(anonymous_7)","line":42,"loc":{"start":{"line":42,"column":8},"end":{"line":42,"column":28}}},"8":{"name":"(anonymous_8)","line":47,"loc":{"start":{"line":47,"column":11},"end":{"line":47,"column":20}}}},"statementMap":{"1":{"start":{"line":3,"column":4},"end":{"line":3,"column":23}},"2":{"start":{"line":4,"column":4},"end":{"line":4,"column":27}},"3":{"start":{"line":6,"column":4},"end":{"line":9,"column":5}},"4":{"start":{"line":7,"column":6},"end":{"line":7,"column":86}},"5":{"start":{"line":8,"column":6},"end":{"line":8,"column":38}},"6":{"start":{"line":11,"column":4},"end":{"line":11,"column":76}},"7":{"start":{"line":12,"column":4},"end":{"line":14,"column":5}},"8":{"start":{"line":13,"column":6},"end":{"line":13,"column":57}},"9":{"start":{"line":19,"column":4},"end":{"line":19,"column":48}},"10":{"start":{"line":20,"column":4},"end":{"line":20,"column":98}},"11":{"start":{"line":20,"column":54},"end":{"line":20,"column":76}},"12":{"start":{"line":24,"column":4},"end":{"line":24,"column":48}},"13":{"start":{"line":25,"column":4},"end":{"line":25,"column":99}},"14":{"start":{"line":25,"column":55},"end":{"line":25,"column":77}},"15":{"start":{"line":29,"column":4},"end":{"line":29,"column":48}},"16":{"start":{"line":30,"column":4},"end":{"line":30,"column":95}},"17":{"start":{"line":30,"column":51},"end":{"line":30,"column":73}},"18":{"start":{"line":34,"column":4},"end":{"line":34,"column":48}},"19":{"start":{"line":35,"column":4},"end":{"line":35,"column":98}},"20":{"start":{"line":35,"column":54},"end":{"line":35,"column":76}},"21":{"start":{"line":39,"column":4},"end":{"line":39,"column":104}},"22":{"start":{"line":39,"column":60},"end":{"line":39,"column":82}},"23":{"start":{"line":43,"column":4},"end":{"line":43,"column":23}},"24":{"start":{"line":44,"column":4},"end":{"line":44,"column":32}},"25":{"start":{"line":48,"column":4},"end":{"line":48,"column":36}},"26":{"start":{"line":52,"column":0},"end":{"line":52,"column":28}}},"branchMap":{"1":{"line":6,"type":"if","locations":[{"start":{"line":6,"column":4},"end":{"line":6,"column":4}},{"start":{"line":6,"column":4},"end":{"line":6,"column":4}}]}},"l":{"3":0,"4":0,"6":0,"7":0,"8":0,"11":0,"12":0,"13":0,"19":0,"20":0,"24":0,"25":0,"29":0,"30":0,"34":0,"35":0,"39":0,"43":0,"44":0,"48":0,"52":1}},
"/Users/carsonwright/Projects/opus-one/next-in-line/answer/answer/jobs.js":{"path":"/Users/carsonwright/Projects/opus-one/next-in-line/answer/answer/jobs.js","s":{"1":1,"2":1,"3":0,"4":0,"5":0,"6":0,"7":0,"8":0,"9":0,"10":0,"11":1},"b":{"1":[0,0]},"f":{"1":0,"2":0,"3":0,"4":0,"5":0},"fnMap":{"1":{"name":"(anonymous_1)","line":5,"loc":{"start":{"line":5,"column":19},"end":{"line":5,"column":28}}},"2":{"name":"(anonymous_2)","line":8,"loc":{"start":{"line":8,"column":14},"end":{"line":8,"column":23}}},"3":{"name":"(anonymous_3)","line":14,"loc":{"start":{"line":14,"column":11},"end":{"line":14,"column":21}}},"4":{"name":"(anonymous_4)","line":17,"loc":{"start":{"line":17,"column":7},"end":{"line":17,"column":10}}},"5":{"name":"(anonymous_5)","line":22,"loc":{"start":{"line":22,"column":8},"end":{"line":22,"column":11}}}},"statementMap":{"1":{"start":{"line":1,"column":0},"end":{"line":1,"column":29}},"2":{"start":{"line":2,"column":0},"end":{"line":2,"column":24}},"3":{"start":{"line":6,"column":4},"end":{"line":6,"column":24}},"4":{"start":{"line":9,"column":4},"end":{"line":9,"column":39}},"5":{"start":{"line":11,"column":4},"end":{"line":11,"column":39}},"6":{"start":{"line":12,"column":4},"end":{"line":12,"column":37}},"7":{"start":{"line":15,"column":4},"end":{"line":15,"column":23}},"8":{"start":{"line":18,"column":4},"end":{"line":18,"column":67}},"9":{"start":{"line":19,"column":4},"end":{"line":19,"column":21}},"10":{"start":{"line":23,"column":4},"end":{"line":23,"column":25}},"11":{"start":{"line":27,"column":0},"end":{"line":27,"column":21}}},"branchMap":{"1":{"line":9,"type":"binary-expr","locations":[{"start":{"line":9,"column":18},"end":{"line":9,"column":24}},{"start":{"line":9,"column":28},"end":{"line":9,"column":38}}]}},"l":{"1":1,"2":1,"6":0,"9":0,"11":0,"12":0,"15":0,"18":0,"19":0,"23":0,"27":1}},
"/Users/carsonwright/Projects/opus-one/next-in-line/answer/answer/model.js":{"path":"/Users/carsonwright/Projects/opus-one/next-in-line/answer/answer/model.js","s":{"1":1,"2":1,"3":1,"4":3,"5":3,"6":3,"7":3,"8":3,"9":24,"10":24,"11":24,"12":24,"13":24,"14":24,"15":0,"16":0,"17":0,"18":0,"19":0,"20":0,"21":0,"22":0,"23":0,"24":0,"25":0,"26":0,"27":0,"28":0,"29":0,"30":0,"31":0,"32":0,"33":0,"34":0,"35":0,"36":0,"37":0,"38":0,"39":0,"40":0,"41":0,"42":0,"43":0,"44":0,"45":0,"46":0,"47":0,"48":0,"49":0,"50":0,"51":0,"52":0,"53":0,"54":0,"55":0,"56":0,"57":0,"58":0,"59":0,"60":0,"61":0,"62":0,"63":0,"64":0,"65":0,"66":0,"67":0,"68":0,"69":0,"70":0,"71":0,"72":0,"73":0,"74":0,"75":0,"76":0,"77":0,"78":0,"79":0,"80":0,"81":0,"82":0,"83":0,"84":0,"85":0,"86":0,"87":0,"88":0,"89":1},"b":{"1":[3,0],"2":[24,0],"3":[0,0],"4":[0,0],"5":[0,0],"6":[0,0],"7":[0,0],"8":[0,0],"9":[0,0],"10":[0,0],"11":[0,0],"12":[0,0,0],"13":[0,0],"14":[0,0,0],"15":[0,0],"16":[0,0,0,0],"17":[0,0],"18":[0,0],"19":[0,0,0,0],"20":[0,0]},"f":{"1":3,"2":0,"3":0,"4":0,"5":0,"6":0,"7":0,"8":0,"9":0,"10":0,"11":0},"fnMap":{"1":{"name":"(anonymous_1)","line":6,"loc":{"start":{"line":6,"column":13},"end":{"line":6,"column":35}}},"2":{"name":"(anonymous_2)","line":25,"loc":{"start":{"line":25,"column":19},"end":{"line":25,"column":43}}},"3":{"name":"(anonymous_3)","line":46,"loc":{"start":{"line":46,"column":8},"end":{"line":46,"column":17}}},"4":{"name":"(anonymous_4)","line":50,"loc":{"start":{"line":50,"column":5},"end":{"line":50,"column":14}}},"5":{"name":"(anonymous_5)","line":54,"loc":{"start":{"line":54,"column":6},"end":{"line":54,"column":10}}},"6":{"name":"(anonymous_6)","line":58,"loc":{"start":{"line":58,"column":8},"end":{"line":58,"column":16}}},"7":{"name":"(anonymous_7)","line":66,"loc":{"start":{"line":66,"column":28},"end":{"line":66,"column":45}}},"8":{"name":"(anonymous_8)","line":70,"loc":{"start":{"line":70,"column":7},"end":{"line":70,"column":15}}},"9":{"name":"(anonymous_9)","line":78,"loc":{"start":{"line":78,"column":8},"end":{"line":78,"column":16}}},"10":{"name":"(anonymous_10)","line":117,"loc":{"start":{"line":117,"column":8},"end":{"line":117,"column":16}}},"11":{"name":"(anonymous_11)","line":145,"loc":{"start":{"line":145,"column":9},"end":{"line":145,"column":13}}}},"statementMap":{"1":{"start":{"line":1,"column":0},"end":{"line":1,"column":40}},"2":{"start":{"line":2,"column":0},"end":{"line":2,"column":32}},"3":{"start":{"line":3,"column":0},"end":{"line":3,"column":34}},"4":{"start":{"line":7,"column":4},"end":{"line":7,"column":31}},"5":{"start":{"line":8,"column":4},"end":{"line":8,"column":26}},"6":{"start":{"line":9,"column":4},"end":{"line":9,"column":30}},"7":{"start":{"line":11,"column":4},"end":{"line":22,"column":5}},"8":{"start":{"line":12,"column":6},"end":{"line":21,"column":7}},"9":{"start":{"line":13,"column":8},"end":{"line":13,"column":31}},"10":{"start":{"line":14,"column":8},"end":{"line":14,"column":24}},"11":{"start":{"line":15,"column":8},"end":{"line":17,"column":9}},"12":{"start":{"line":16,"column":10},"end":{"line":16,"column":50}},"13":{"start":{"line":19,"column":8},"end":{"line":19,"column":40}},"14":{"start":{"line":20,"column":8},"end":{"line":20,"column":47}},"15":{"start":{"line":26,"column":4},"end":{"line":26,"column":19}},"16":{"start":{"line":27,"column":4},"end":{"line":29,"column":5}},"17":{"start":{"line":28,"column":6},"end":{"line":28,"column":42}},"18":{"start":{"line":31,"column":4},"end":{"line":33,"column":5}},"19":{"start":{"line":32,"column":6},"end":{"line":32,"column":43}},"20":{"start":{"line":35,"column":4},"end":{"line":41,"column":5}},"21":{"start":{"line":36,"column":6},"end":{"line":36,"column":22}},"22":{"start":{"line":37,"column":6},"end":{"line":39,"column":7}},"23":{"start":{"line":38,"column":8},"end":{"line":38,"column":25}},"24":{"start":{"line":40,"column":6},"end":{"line":40,"column":53}},"25":{"start":{"line":43,"column":4},"end":{"line":43,"column":39}},"26":{"start":{"line":47,"column":4},"end":{"line":47,"column":28}},"27":{"start":{"line":51,"column":4},"end":{"line":51,"column":89}},"28":{"start":{"line":55,"column":4},"end":{"line":55,"column":80}},"29":{"start":{"line":59,"column":4},"end":{"line":59,"column":35}},"30":{"start":{"line":60,"column":4},"end":{"line":60,"column":79}},"31":{"start":{"line":60,"column":27},"end":{"line":60,"column":75}},"32":{"start":{"line":61,"column":4},"end":{"line":61,"column":109}},"33":{"start":{"line":61,"column":42},"end":{"line":61,"column":91}},"34":{"start":{"line":63,"column":4},"end":{"line":63,"column":101}},"35":{"start":{"line":67,"column":4},"end":{"line":67,"column":115}},"36":{"start":{"line":71,"column":4},"end":{"line":71,"column":35}},"37":{"start":{"line":72,"column":4},"end":{"line":72,"column":74}},"38":{"start":{"line":72,"column":27},"end":{"line":72,"column":70}},"39":{"start":{"line":73,"column":4},"end":{"line":73,"column":109}},"40":{"start":{"line":73,"column":42},"end":{"line":73,"column":91}},"41":{"start":{"line":75,"column":4},"end":{"line":75,"column":118}},"42":{"start":{"line":79,"column":4},"end":{"line":79,"column":53}},"43":{"start":{"line":79,"column":29},"end":{"line":79,"column":51}},"44":{"start":{"line":80,"column":4},"end":{"line":80,"column":70}},"45":{"start":{"line":80,"column":37},"end":{"line":80,"column":68}},"46":{"start":{"line":81,"column":4},"end":{"line":81,"column":70}},"47":{"start":{"line":81,"column":37},"end":{"line":81,"column":68}},"48":{"start":{"line":83,"column":4},"end":{"line":83,"column":22}},"49":{"start":{"line":86,"column":4},"end":{"line":107,"column":5}},"50":{"start":{"line":87,"column":6},"end":{"line":87,"column":46}},"51":{"start":{"line":88,"column":6},"end":{"line":88,"column":46}},"52":{"start":{"line":89,"column":6},"end":{"line":91,"column":7}},"53":{"start":{"line":90,"column":8},"end":{"line":90,"column":17}},"54":{"start":{"line":93,"column":6},"end":{"line":96,"column":7}},"55":{"start":{"line":94,"column":8},"end":{"line":94,"column":44}},"56":{"start":{"line":95,"column":8},"end":{"line":95,"column":17}},"57":{"start":{"line":98,"column":6},"end":{"line":100,"column":7}},"58":{"start":{"line":99,"column":8},"end":{"line":99,"column":67}},"59":{"start":{"line":102,"column":6},"end":{"line":104,"column":7}},"60":{"start":{"line":103,"column":8},"end":{"line":103,"column":76}},"61":{"start":{"line":106,"column":6},"end":{"line":106,"column":46}},"62":{"start":{"line":109,"column":4},"end":{"line":109,"column":37}},"63":{"start":{"line":110,"column":4},"end":{"line":110,"column":88}},"64":{"start":{"line":110,"column":40},"end":{"line":110,"column":73}},"65":{"start":{"line":111,"column":4},"end":{"line":111,"column":77}},"66":{"start":{"line":111,"column":42},"end":{"line":111,"column":62}},"67":{"start":{"line":113,"column":4},"end":{"line":113,"column":123}},"68":{"start":{"line":118,"column":4},"end":{"line":118,"column":22}},"69":{"start":{"line":119,"column":4},"end":{"line":119,"column":23}},"70":{"start":{"line":122,"column":4},"end":{"line":134,"column":5}},"71":{"start":{"line":123,"column":6},"end":{"line":123,"column":46}},"72":{"start":{"line":124,"column":6},"end":{"line":124,"column":46}},"73":{"start":{"line":125,"column":6},"end":{"line":127,"column":7}},"74":{"start":{"line":126,"column":8},"end":{"line":126,"column":17}},"75":{"start":{"line":129,"column":6},"end":{"line":131,"column":7}},"76":{"start":{"line":130,"column":8},"end":{"line":130,"column":76}},"77":{"start":{"line":133,"column":6},"end":{"line":133,"column":46}},"78":{"start":{"line":136,"column":4},"end":{"line":136,"column":37}},"79":{"start":{"line":137,"column":4},"end":{"line":137,"column":106}},"80":{"start":{"line":137,"column":42},"end":{"line":137,"column":91}},"81":{"start":{"line":139,"column":4},"end":{"line":139,"column":35}},"82":{"start":{"line":141,"column":4},"end":{"line":141,"column":19}},"83":{"start":{"line":142,"column":4},"end":{"line":142,"column":114}},"84":{"start":{"line":146,"column":4},"end":{"line":152,"column":5}},"85":{"start":{"line":147,"column":6},"end":{"line":147,"column":80}},"86":{"start":{"line":149,"column":6},"end":{"line":149,"column":70}},"87":{"start":{"line":149,"column":32},"end":{"line":149,"column":56}},"88":{"start":{"line":151,"column":6},"end":{"line":151,"column":84}},"89":{"start":{"line":156,"column":0},"end":{"line":156,"column":23}}},"branchMap":{"1":{"line":11,"type":"if","locations":[{"start":{"line":11,"column":4},"end":{"line":11,"column":4}},{"start":{"line":11,"column":4},"end":{"line":11,"column":4}}]},"2":{"line":15,"type":"if","locations":[{"start":{"line":15,"column":8},"end":{"line":15,"column":8}},{"start":{"line":15,"column":8},"end":{"line":15,"column":8}}]},"3":{"line":27,"type":"if","locations":[{"start":{"line":27,"column":4},"end":{"line":27,"column":4}},{"start":{"line":27,"column":4},"end":{"line":27,"column":4}}]},"4":{"line":31,"type":"if","locations":[{"start":{"line":31,"column":4},"end":{"line":31,"column":4}},{"start":{"line":31,"column":4},"end":{"line":31,"column":4}}]},"5":{"line":35,"type":"if","locations":[{"start":{"line":35,"column":4},"end":{"line":35,"column":4}},{"start":{"line":35,"column":4},"end":{"line":35,"column":4}}]},"6":{"line":37,"type":"if","locations":[{"start":{"line":37,"column":6},"end":{"line":37,"column":6}},{"start":{"line":37,"column":6},"end":{"line":37,"column":6}}]},"7":{"line":79,"type":"if","locations":[{"start":{"line":79,"column":4},"end":{"line":79,"column":4}},{"start":{"line":79,"column":4},"end":{"line":79,"column":4}}]},"8":{"line":80,"type":"if","locations":[{"start":{"line":80,"column":4},"end":{"line":80,"column":4}},{"start":{"line":80,"column":4},"end":{"line":80,"column":4}}]},"9":{"line":81,"type":"if","locations":[{"start":{"line":81,"column":4},"end":{"line":81,"column":4}},{"start":{"line":81,"column":4},"end":{"line":81,"column":4}}]},"10":{"line":89,"type":"if","locations":[{"start":{"line":89,"column":6},"end":{"line":89,"column":6}},{"start":{"line":89,"column":6},"end":{"line":89,"column":6}}]},"11":{"line":93,"type":"if","locations":[{"start":{"line":93,"column":6},"end":{"line":93,"column":6}},{"start":{"line":93,"column":6},"end":{"line":93,"column":6}}]},"12":{"line":93,"type":"binary-expr","locations":[{"start":{"line":93,"column":10},"end":{"line":93,"column":28}},{"start":{"line":93,"column":32},"end":{"line":93,"column":54}},{"start":{"line":93,"column":58},"end":{"line":93,"column":85}}]},"13":{"line":98,"type":"if","locations":[{"start":{"line":98,"column":6},"end":{"line":98,"column":6}},{"start":{"line":98,"column":6},"end":{"line":98,"column":6}}]},"14":{"line":98,"type":"binary-expr","locations":[{"start":{"line":98,"column":10},"end":{"line":98,"column":24}},{"start":{"line":98,"column":29},"end":{"line":98,"column":63}},{"start":{"line":98,"column":67},"end":{"line":98,"column":99}}]},"15":{"line":102,"type":"if","locations":[{"start":{"line":102,"column":6},"end":{"line":102,"column":6}},{"start":{"line":102,"column":6},"end":{"line":102,"column":6}}]},"16":{"line":102,"type":"binary-expr","locations":[{"start":{"line":102,"column":10},"end":{"line":102,"column":21}},{"start":{"line":102,"column":26},"end":{"line":102,"column":40}},{"start":{"line":102,"column":44},"end":{"line":102,"column":76}},{"start":{"line":102,"column":81},"end":{"line":102,"column":126}}]},"17":{"line":125,"type":"if","locations":[{"start":{"line":125,"column":6},"end":{"line":125,"column":6}},{"start":{"line":125,"column":6},"end":{"line":125,"column":6}}]},"18":{"line":129,"type":"if","locations":[{"start":{"line":129,"column":6},"end":{"line":129,"column":6}},{"start":{"line":129,"column":6},"end":{"line":129,"column":6}}]},"19":{"line":129,"type":"binary-expr","locations":[{"start":{"line":129,"column":10},"end":{"line":129,"column":21}},{"start":{"line":129,"column":26},"end":{"line":129,"column":40}},{"start":{"line":129,"column":44},"end":{"line":129,"column":76}},{"start":{"line":129,"column":81},"end":{"line":129,"column":126}}]},"20":{"line":146,"type":"if","locations":[{"start":{"line":146,"column":4},"end":{"line":146,"column":4}},{"start":{"line":146,"column":4},"end":{"line":146,"column":4}}]}},"l":{"1":1,"2":1,"3":1,"7":3,"8":3,"9":3,"11":3,"12":3,"13":24,"14":24,"15":24,"16":24,"19":24,"20":24,"26":0,"27":0,"28":0,"31":0,"32":0,"35":0,"36":0,"37":0,"38":0,"40":0,"43":0,"47":0,"51":0,"55":0,"59":0,"60":0,"61":0,"63":0,"67":0,"71":0,"72":0,"73":0,"75":0,"79":0,"80":0,"81":0,"83":0,"86":0,"87":0,"88":0,"89":0,"90":0,"93":0,"94":0,"95":0,"98":0,"99":0,"102":0,"103":0,"106":0,"109":0,"110":0,"111":0,"113":0,"118":0,"119":0,"122":0,"123":0,"124":0,"125":0,"126":0,"129":0,"130":0,"133":0,"136":0,"137":0,"139":0,"141":0,"142":0,"146":0,"147":0,"149":0,"151":0,"156":1}},
"/Users/carsonwright/Projects/opus-one/next-in-line/answer/answer/routes.js":{"path":"/Users/carsonwright/Projects/opus-one/next-in-line/answer/answer/routes.js","s":{"1":1,"2":1,"3":1,"4":1,"5":1,"6":9,"7":9,"8":9,"9":2,"10":2,"11":1,"12":1,"13":1,"14":1,"15":1,"16":1,"17":0,"18":0,"19":0,"20":3,"21":3,"22":1,"23":5,"24":2,"25":1,"26":5,"27":3,"28":2,"29":3,"30":2,"31":3,"32":2,"33":3,"34":2,"35":3,"36":2,"37":3,"38":1},"b":{"1":[9,0],"2":[9,0],"3":[1,2],"4":[1,1],"5":[2,1],"6":[2,1],"7":[2,1],"8":[2,1],"9":[2,1]},"f":{"1":1,"2":1,"3":9,"4":2,"5":1,"6":1,"7":1,"8":0,"9":3},"fnMap":{"1":{"name":"(anonymous_1)","line":3,"loc":{"start":{"line":3,"column":19},"end":{"line":3,"column":28}}},"2":{"name":"(anonymous_2)","line":7,"loc":{"start":{"line":7,"column":20},"end":{"line":7,"column":30}}},"3":{"name":"(anonymous_3)","line":12,"loc":{"start":{"line":12,"column":14},"end":{"line":12,"column":36}}},"4":{"name":"(anonymous_4)","line":18,"loc":{"start":{"line":18,"column":6},"end":{"line":18,"column":21}}},"5":{"name":"(anonymous_5)","line":23,"loc":{"start":{"line":23,"column":7},"end":{"line":23,"column":22}}},"6":{"name":"(anonymous_6)","line":28,"loc":{"start":{"line":28,"column":6},"end":{"line":28,"column":21}}},"7":{"name":"(anonymous_7)","line":33,"loc":{"start":{"line":33,"column":9},"end":{"line":33,"column":24}}},"8":{"name":"(anonymous_8)","line":38,"loc":{"start":{"line":38,"column":9},"end":{"line":38,"column":32}}},"9":{"name":"(anonymous_9)","line":44,"loc":{"start":{"line":44,"column":12},"end":{"line":44,"column":48}}}},"statementMap":{"1":{"start":{"line":1,"column":0},"end":{"line":1,"column":25}},"2":{"start":{"line":4,"column":4},"end":{"line":4,"column":27}},"3":{"start":{"line":5,"column":4},"end":{"line":5,"column":16}},"4":{"start":{"line":8,"column":4},"end":{"line":8,"column":29}},"5":{"start":{"line":9,"column":4},"end":{"line":9,"column":16}},"6":{"start":{"line":13,"column":4},"end":{"line":13,"column":42}},"7":{"start":{"line":14,"column":4},"end":{"line":14,"column":52}},"8":{"start":{"line":15,"column":4},"end":{"line":15,"column":16}},"9":{"start":{"line":19,"column":4},"end":{"line":19,"column":37}},"10":{"start":{"line":20,"column":4},"end":{"line":20,"column":16}},"11":{"start":{"line":24,"column":4},"end":{"line":24,"column":38}},"12":{"start":{"line":25,"column":4},"end":{"line":25,"column":16}},"13":{"start":{"line":29,"column":4},"end":{"line":29,"column":37}},"14":{"start":{"line":30,"column":4},"end":{"line":30,"column":16}},"15":{"start":{"line":34,"column":4},"end":{"line":34,"column":40}},"16":{"start":{"line":35,"column":4},"end":{"line":35,"column":16}},"17":{"start":{"line":39,"column":4},"end":{"line":39,"column":40}},"18":{"start":{"line":40,"column":4},"end":{"line":40,"column":30}},"19":{"start":{"line":41,"column":4},"end":{"line":41,"column":16}},"20":{"start":{"line":45,"column":4},"end":{"line":45,"column":69}},"21":{"start":{"line":47,"column":4},"end":{"line":55,"column":5}},"22":{"start":{"line":48,"column":6},"end":{"line":50,"column":8}},"23":{"start":{"line":49,"column":8},"end":{"line":49,"column":48}},"24":{"start":{"line":51,"column":11},"end":{"line":55,"column":5}},"25":{"start":{"line":52,"column":6},"end":{"line":54,"column":8}},"26":{"start":{"line":53,"column":8},"end":{"line":53,"column":46}},"27":{"start":{"line":57,"column":4},"end":{"line":59,"column":5}},"28":{"start":{"line":58,"column":6},"end":{"line":58,"column":54}},"29":{"start":{"line":61,"column":4},"end":{"line":63,"column":5}},"30":{"start":{"line":62,"column":6},"end":{"line":62,"column":56}},"31":{"start":{"line":65,"column":4},"end":{"line":67,"column":5}},"32":{"start":{"line":66,"column":6},"end":{"line":66,"column":61}},"33":{"start":{"line":69,"column":4},"end":{"line":71,"column":5}},"34":{"start":{"line":70,"column":6},"end":{"line":70,"column":64}},"35":{"start":{"line":73,"column":4},"end":{"line":75,"column":5}},"36":{"start":{"line":74,"column":6},"end":{"line":74,"column":68}},"37":{"start":{"line":77,"column":4},"end":{"line":77,"column":16}},"38":{"start":{"line":81,"column":0},"end":{"line":81,"column":24}}},"branchMap":{"1":{"line":13,"type":"binary-expr","locations":[{"start":{"line":13,"column":18},"end":{"line":13,"column":24}},{"start":{"line":13,"column":28},"end":{"line":13,"column":41}}]},"2":{"line":14,"type":"binary-expr","locations":[{"start":{"line":14,"column":19},"end":{"line":14,"column":33}},{"start":{"line":14,"column":37},"end":{"line":14,"column":51}}]},"3":{"line":47,"type":"if","locations":[{"start":{"line":47,"column":4},"end":{"line":47,"column":4}},{"start":{"line":47,"column":4},"end":{"line":47,"column":4}}]},"4":{"line":51,"type":"if","locations":[{"start":{"line":51,"column":11},"end":{"line":51,"column":11}},{"start":{"line":51,"column":11},"end":{"line":51,"column":11}}]},"5":{"line":57,"type":"if","locations":[{"start":{"line":57,"column":4},"end":{"line":57,"column":4}},{"start":{"line":57,"column":4},"end":{"line":57,"column":4}}]},"6":{"line":61,"type":"if","locations":[{"start":{"line":61,"column":4},"end":{"line":61,"column":4}},{"start":{"line":61,"column":4},"end":{"line":61,"column":4}}]},"7":{"line":65,"type":"if","locations":[{"start":{"line":65,"column":4},"end":{"line":65,"column":4}},{"start":{"line":65,"column":4},"end":{"line":65,"column":4}}]},"8":{"line":69,"type":"if","locations":[{"start":{"line":69,"column":4},"end":{"line":69,"column":4}},{"start":{"line":69,"column":4},"end":{"line":69,"column":4}}]},"9":{"line":73,"type":"if","locations":[{"start":{"line":73,"column":4},"end":{"line":73,"column":4}},{"start":{"line":73,"column":4},"end":{"line":73,"column":4}}]}},"l":{"1":1,"4":1,"5":1,"8":1,"9":1,"13":9,"14":9,"15":9,"19":2,"20":2,"24":1,"25":1,"29":1,"30":1,"34":1,"35":1,"39":0,"40":0,"41":0,"45":3,"47":3,"48":1,"49":5,"51":2,"52":1,"53":5,"57":3,"58":2,"61":3,"62":2,"65":3,"66":2,"69":3,"70":2,"73":3,"74":2,"77":3,"81":1}}}
